<?xml version="1.0" encoding="UTF-8"?>
<!-- Generated by org.testng.reporters.JUnitReportReporter -->
<testsuite hostname="LAPTOP-4RFCIL1O" failures="0" tests="1" name="com.crm.DynamicPracticeTest.SelectAnyMonthFromCalender" time="54.209" errors="0" timestamp="2022-03-09T15:45:02 IST" skipped="0">
  <testcase classname="com.crm.DynamicPracticeTest.SelectAnyMonthFromCalender" name="selectAnyMonthFromCalender" time="54.209"/>
  <system-out/>
</testsuite> <!-- com.crm.DynamicPracticeTest.SelectAnyMonthFromCalender -->
