<?xml version="1.0" encoding="UTF-8"?>
<!-- Generated by org.testng.reporters.JUnitReportReporter -->
<testsuite hostname="LAPTOP-4RFCIL1O" failures="0" tests="1" name="com.crm.DynamicPracticeTest.SelectAnyDateFromCalenderTest" time="9.448" errors="0" timestamp="2022-03-09T15:03:48 IST" skipped="0">
  <testcase classname="com.crm.DynamicPracticeTest.SelectAnyDateFromCalenderTest" name="calender" time="9.448"/>
  <system-out/>
</testsuite> <!-- com.crm.DynamicPracticeTest.SelectAnyDateFromCalenderTest -->
