<?xml version="1.0" encoding="UTF-8"?>
<!-- Generated by org.testng.reporters.JUnitReportReporter -->
<testsuite hostname="LAPTOP-4RFCIL1O" failures="0" tests="1" name="com.crm.ContactTests.CreateContactswithLeadSourceTest" time="19.038" errors="0" timestamp="2022-03-16T20:23:00 IST" skipped="0">
  <testcase classname="com.crm.ContactTests.CreateContactswithLeadSourceTest" name="createContactswithLeadSourceTest" time="19.038"/>
  <system-out/>
</testsuite> <!-- com.crm.ContactTests.CreateContactswithLeadSourceTest -->
