<?xml version="1.0" encoding="UTF-8"?>
<!-- Generated by org.testng.reporters.JUnitReportReporter -->
<testsuite hostname="LAPTOP-4RFCIL1O" failures="0" tests="1" name="com.crm.OrganizationTests.CreateOrgIndTypeBaseClassTest" time="25.785" errors="0" timestamp="2022-03-08T05:32:59 IST" skipped="0">
  <testcase classname="com.crm.OrganizationTests.CreateOrgIndTypeBaseClassTest" name="createOrgIndTypeBaseClassTest" time="25.785"/>
  <system-out/>
</testsuite> <!-- com.crm.OrganizationTests.CreateOrgIndTypeBaseClassTest -->
