<?xml version="1.0" encoding="UTF-8"?>
<!-- Generated by org.testng.reporters.JUnitReportReporter -->
<testsuite hostname="LAPTOP-4RFCIL1O" failures="0" tests="1" name="com.crm.PRACTICE.ReadDataFromCmdLine" time="0.015" errors="0" timestamp="2022-03-12T16:49:57 IST" skipped="0">
  <testcase classname="com.crm.PRACTICE.ReadDataFromCmdLine" name="readDataFromCmdLine" time="0.015"/>
  <system-out/>
</testsuite> <!-- com.crm.PRACTICE.ReadDataFromCmdLine -->
