<?xml version="1.0" encoding="UTF-8"?>
<!-- Generated by org.testng.reporters.JUnitReportReporter -->
<testsuite hostname="LAPTOP-4RFCIL1O" failures="0" tests="1" name="com.crm.OrganizationTests.CreateOrgPOMTest" time="32.639" errors="0" timestamp="2022-03-08T05:36:52 IST" skipped="0">
  <testcase classname="com.crm.OrganizationTests.CreateOrgPOMTest" name="createOrgPOMTest" time="32.639"/>
  <system-out/>
</testsuite> <!-- com.crm.OrganizationTests.CreateOrgPOMTest -->
