<?xml version="1.0" encoding="UTF-8"?>
<!-- Generated by org.testng.reporters.JUnitReportReporter -->
<testsuite hostname="LAPTOP-4RFCIL1O" failures="0" tests="1" name="com.crm.OrganizationTests.CreateOrganizationWithPropertyFile" time="19.103" errors="0" timestamp="2022-03-15T14:01:25 IST" skipped="0">
  <testcase classname="com.crm.OrganizationTests.CreateOrganizationWithPropertyFile" name="createOrganizationTest" time="19.103"/>
  <system-out/>
</testsuite> <!-- com.crm.OrganizationTests.CreateOrganizationWithPropertyFile -->
