<?xml version="1.0" encoding="UTF-8"?>
<!-- Generated by org.testng.reporters.JUnitReportReporter -->
<testsuite hostname="LAPTOP-4RFCIL1O" failures="0" tests="1" name="com.crm.DynamicPracticeTest.ContactPrintLastNameTest" time="15.568" errors="0" timestamp="2022-03-09T11:00:51 IST" skipped="0">
  <testcase classname="com.crm.DynamicPracticeTest.ContactPrintLastNameTest" name="contactPrintLastNameTest" time="15.568"/>
  <system-out/>
</testsuite> <!-- com.crm.DynamicPracticeTest.ContactPrintLastNameTest -->
