<?xml version="1.0" encoding="UTF-8"?>
<!-- Generated by org.testng.reporters.JUnitReportReporter -->
<testsuite hostname="LAPTOP-4RFCIL1O" failures="0" tests="1" name="com.crm.DynamicPracticeTest.ContactCheckBoxSelectTest" time="24.096" errors="0" timestamp="2022-03-08T15:29:40 IST" skipped="0">
  <testcase classname="com.crm.DynamicPracticeTest.ContactCheckBoxSelectTest" name="contactCheckBoxSelectTest" time="24.096"/>
  <system-out/>
</testsuite> <!-- com.crm.DynamicPracticeTest.ContactCheckBoxSelectTest -->
