<?xml version="1.0" encoding="UTF-8"?>
<!-- Generated by org.testng.reporters.JUnitReportReporter -->
<testsuite hostname="LAPTOP-4RFCIL1O" failures="0" tests="1" name="com.crm.ContactTests.CreateContactTest" time="21.542" errors="0" timestamp="2022-03-08T10:55:48 IST" skipped="0">
  <testcase classname="com.crm.ContactTests.CreateContactTest" name="createContactTest" time="21.542"/>
  <system-out/>
</testsuite> <!-- com.crm.ContactTests.CreateContactTest -->
