<?xml version="1.0" encoding="UTF-8"?>
<!-- Generated by org.testng.reporters.JUnitReportReporter -->
<testsuite hostname="LAPTOP-4RFCIL1O" failures="0" tests="6" name="com.crm.PRACTICE.SampleClassDataProvide" time="0.042" errors="0" timestamp="2022-03-12T17:23:08 IST" skipped="0">
  <testcase classname="com.crm.PRACTICE.SampleClassDataProvide" name="sampleClassDataProvider" time="0.010"/>
  <system-out/>
  <testcase classname="com.crm.PRACTICE.SampleClassDataProvide" name="sampleClassDataProvider" time="0.004"/>
  <system-out/>
  <testcase classname="com.crm.PRACTICE.SampleClassDataProvide" name="sampleClassDataProvider" time="0.004"/>
  <system-out/>
  <testcase classname="com.crm.PRACTICE.SampleClassDataProvide" name="sampleClassDataProvider" time="0.004"/>
  <system-out/>
  <testcase classname="com.crm.PRACTICE.SampleClassDataProvide" name="sampleClassDataProvider" time="0.009"/>
  <system-out/>
  <testcase classname="com.crm.PRACTICE.SampleClassDataProvide" name="sampleClassDataProvider" time="0.011"/>
  <system-out/>
</testsuite> <!-- com.crm.PRACTICE.SampleClassDataProvide -->
