<?xml version="1.0" encoding="UTF-8"?>
<!-- Generated by org.testng.reporters.JUnitReportReporter -->
<testsuite hostname="LAPTOP-4RFCIL1O" failures="0" tests="1" name="com.crm.OrganizationTests.CreateOrgWithIndTypPOMTest" time="30.964" errors="0" timestamp="2022-03-07T22:18:00 IST" skipped="0">
  <testcase classname="com.crm.OrganizationTests.CreateOrgWithIndTypPOMTest" name="createOrgHealthcarePOMTest" time="30.964"/>
  <system-out>
    <![CDATA[[ ACC1 ] All States_807 - Organization InformationOrg is created]]>
  </system-out>
</testsuite> <!-- com.crm.OrganizationTests.CreateOrgWithIndTypPOMTest -->
